<?xml version="1.0" encoding="UTF-8" ?>
<testsuite errors="0" failures="3" hostname="lenovo-PC" name="crmcuc.ParametroControllerSpec" tests="7" time="0.36" timestamp="2014-11-12T21:26:07">
  <properties />
  <testcase classname="crmcuc.ParametroControllerSpec" name="Test the index action returns the correct model" time="0.22" />
  <testcase classname="crmcuc.ParametroControllerSpec" name="Test the create action returns the correct model" time="0.03" />
  <testcase classname="crmcuc.ParametroControllerSpec" name="Test the save action correctly persists an instance" time="0.02">
    <failure message="Condition not satisfied:&#xa;&#xa;model.parametroInstance!= null&#xa;|     |                |&#xa;[:]   null             false&#xa;" type="junit.framework.AssertionFailedError">junit.framework.AssertionFailedError: Condition not satisfied:

model.parametroInstance!= null
|     |                |
[:]   null             false

	at crmcuc.ParametroControllerSpec.Test the save action correctly persists an instance(ParametroControllerSpec.groovy:44)
</failure>
  </testcase>
  <testcase classname="crmcuc.ParametroControllerSpec" name="Test that the show action returns the correct model" time="0.02" />
  <testcase classname="crmcuc.ParametroControllerSpec" name="Test that the edit action returns the correct model" time="0.02" />
  <testcase classname="crmcuc.ParametroControllerSpec" name="Test the update action performs an update on a valid domain instance" time="0.02">
    <failure message="Condition not satisfied:&#xa;&#xa;response.redirectedUrl == &apos;/parametro/index&apos;&#xa;|        |             |&#xa;|        null          false&#xa;org.codehaus.groovy.grails.plugins.testing.GrailsMockHttpServletResponse@3e20b3ca&#xa;" type="junit.framework.AssertionFailedError">junit.framework.AssertionFailedError: Condition not satisfied:

response.redirectedUrl == &apos;/parametro/index&apos;
|        |             |
|        null          false
org.codehaus.groovy.grails.plugins.testing.GrailsMockHttpServletResponse@3e20b3ca

	at crmcuc.ParametroControllerSpec.Test the update action performs an update on a valid domain instance(ParametroControllerSpec.groovy:97)
</failure>
  </testcase>
  <testcase classname="crmcuc.ParametroControllerSpec" name="Test that the delete action deletes an instance if it exists" time="0.02">
    <failure message="Condition not satisfied:&#xa;&#xa;response.redirectedUrl == &apos;/parametro/index&apos;&#xa;|        |             |&#xa;|        null          false&#xa;org.codehaus.groovy.grails.plugins.testing.GrailsMockHttpServletResponse@151c33bd&#xa;" type="junit.framework.AssertionFailedError">junit.framework.AssertionFailedError: Condition not satisfied:

response.redirectedUrl == &apos;/parametro/index&apos;
|        |             |
|        null          false
org.codehaus.groovy.grails.plugins.testing.GrailsMockHttpServletResponse@151c33bd

	at crmcuc.ParametroControllerSpec.Test that the delete action deletes an instance if it exists(ParametroControllerSpec.groovy:127)
</failure>
  </testcase>
  <system-out><![CDATA[--Output from Test the index action returns the correct model--
--Output from Test the create action returns the correct model--
--Output from Test the save action correctly persists an instance--
--Output from Test that the show action returns the correct model--
--Output from Test that the edit action returns the correct model--
--Output from Test the update action performs an update on a valid domain instance--
--Output from Test that the delete action deletes an instance if it exists--
]]></system-out>
  <system-err><![CDATA[--Output from Test the index action returns the correct model--
--Output from Test the create action returns the correct model--
--Output from Test the save action correctly persists an instance--
--Output from Test that the show action returns the correct model--
--Output from Test that the edit action returns the correct model--
--Output from Test the update action performs an update on a valid domain instance--
--Output from Test that the delete action deletes an instance if it exists--
]]></system-err>
</testsuite>
