<?xml version="1.0" encoding="UTF-8" ?>
<testsuite errors="0" failures="3" hostname="JhonHarol" name="crmcuc.PersonaControllerSpec" tests="7" time="0.728" timestamp="2014-11-17T07:46:22">
  <properties />
  <testcase classname="crmcuc.PersonaControllerSpec" name="Test the index action returns the correct model" time="0.404" />
  <testcase classname="crmcuc.PersonaControllerSpec" name="Test the create action returns the correct model" time="0.073" />
  <testcase classname="crmcuc.PersonaControllerSpec" name="Test the save action correctly persists an instance" time="0.029">
    <failure message="Condition not satisfied:&#xa;&#xa;model.personaInstance!= null&#xa;|     |              |&#xa;[:]   null           false&#xa;" type="junit.framework.AssertionFailedError">junit.framework.AssertionFailedError: Condition not satisfied:

model.personaInstance!= null
|     |              |
[:]   null           false

	at crmcuc.PersonaControllerSpec.Test the save action correctly persists an instance(PersonaControllerSpec.groovy:44)
</failure>
  </testcase>
  <testcase classname="crmcuc.PersonaControllerSpec" name="Test that the show action returns the correct model" time="0.083" />
  <testcase classname="crmcuc.PersonaControllerSpec" name="Test that the edit action returns the correct model" time="0.053" />
  <testcase classname="crmcuc.PersonaControllerSpec" name="Test the update action performs an update on a valid domain instance" time="0.03">
    <failure message="Condition not satisfied:&#xa;&#xa;response.redirectedUrl == &apos;/persona/index&apos;&#xa;|        |             |&#xa;|        null          false&#xa;org.codehaus.groovy.grails.plugins.testing.GrailsMockHttpServletResponse@206f8e24&#xa;" type="junit.framework.AssertionFailedError">junit.framework.AssertionFailedError: Condition not satisfied:

response.redirectedUrl == &apos;/persona/index&apos;
|        |             |
|        null          false
org.codehaus.groovy.grails.plugins.testing.GrailsMockHttpServletResponse@206f8e24

	at crmcuc.PersonaControllerSpec.Test the update action performs an update on a valid domain instance(PersonaControllerSpec.groovy:97)
</failure>
  </testcase>
  <testcase classname="crmcuc.PersonaControllerSpec" name="Test that the delete action deletes an instance if it exists" time="0.035">
    <failure message="Condition not satisfied:&#xa;&#xa;response.redirectedUrl == &apos;/persona/index&apos;&#xa;|        |             |&#xa;|        null          false&#xa;org.codehaus.groovy.grails.plugins.testing.GrailsMockHttpServletResponse@1ca3a29a&#xa;" type="junit.framework.AssertionFailedError">junit.framework.AssertionFailedError: Condition not satisfied:

response.redirectedUrl == &apos;/persona/index&apos;
|        |             |
|        null          false
org.codehaus.groovy.grails.plugins.testing.GrailsMockHttpServletResponse@1ca3a29a

	at crmcuc.PersonaControllerSpec.Test that the delete action deletes an instance if it exists(PersonaControllerSpec.groovy:127)
</failure>
  </testcase>
  <system-out><![CDATA[--Output from Test the index action returns the correct model--
--Output from Test the create action returns the correct model--
--Output from Test the save action correctly persists an instance--
--Output from Test that the show action returns the correct model--
--Output from Test that the edit action returns the correct model--
--Output from Test the update action performs an update on a valid domain instance--
--Output from Test that the delete action deletes an instance if it exists--
]]></system-out>
  <system-err><![CDATA[--Output from Test the index action returns the correct model--
--Output from Test the create action returns the correct model--
--Output from Test the save action correctly persists an instance--
--Output from Test that the show action returns the correct model--
--Output from Test that the edit action returns the correct model--
--Output from Test the update action performs an update on a valid domain instance--
--Output from Test that the delete action deletes an instance if it exists--
]]></system-err>
</testsuite>
