<?xml version="1.0" encoding="UTF-8" ?>
<testsuite errors="2" failures="1" hostname="JhonHarol" name="crmcuc.ProcesoControllerSpec" tests="7" time="0.923" timestamp="2014-11-17T07:46:22">
  <properties />
  <testcase classname="crmcuc.ProcesoControllerSpec" name="Test the index action returns the correct model" time="0.392" />
  <testcase classname="crmcuc.ProcesoControllerSpec" name="Test the create action returns the correct model" time="0.048" />
  <testcase classname="crmcuc.ProcesoControllerSpec" name="Test the save action correctly persists an instance" time="0.121">
    <error message="Cannot redirect for object [null] it is not a domain or has no identifier. Use an explicit redirect instead " type="org.codehaus.groovy.grails.web.servlet.mvc.exceptions.CannotRedirectException">org.codehaus.groovy.grails.web.servlet.mvc.exceptions.CannotRedirectException: Cannot redirect for object [null] it is not a domain or has no identifier. Use an explicit redirect instead 
	at crmcuc.ProcesoController.tt__save_closure9_closure14(ProcesoController.groovy:43)
	at crmcuc.ProcesoController.$tt__save(ProcesoController.groovy:40)
	at crmcuc.ProcesoControllerSpec.Test the save action correctly persists an instance(ProcesoControllerSpec.groovy:54)
</error>
  </testcase>
  <testcase classname="crmcuc.ProcesoControllerSpec" name="Test that the show action returns the correct model" time="0.04" />
  <testcase classname="crmcuc.ProcesoControllerSpec" name="Test that the edit action returns the correct model" time="0.042" />
  <testcase classname="crmcuc.ProcesoControllerSpec" name="Test the update action performs an update on a valid domain instance" time="0.119">
    <error message="Cannot get property &apos;id&apos; on null object" type="java.lang.NullPointerException">java.lang.NullPointerException: Cannot get property &apos;id&apos; on null object
	at crmcuc.ProcesoControllerSpec.Test the update action performs an update on a valid domain instance(ProcesoControllerSpec.groovy:122)
</error>
  </testcase>
  <testcase classname="crmcuc.ProcesoControllerSpec" name="Test that the delete action deletes an instance if it exists" time="0.122">
    <failure message="Condition not satisfied:&#xa;&#xa;Proceso.count() == 1&#xa;        |       |&#xa;        0       false&#xa;" type="junit.framework.AssertionFailedError">junit.framework.AssertionFailedError: Condition not satisfied:

Proceso.count() == 1
        |       |
        0       false

	at crmcuc.ProcesoControllerSpec.Test that the delete action deletes an instance if it exists(ProcesoControllerSpec.groovy:142)
</failure>
  </testcase>
  <system-out><![CDATA[--Output from Test the index action returns the correct model--
--Output from Test the create action returns the correct model--
--Output from Test the save action correctly persists an instance--
--Output from Test that the show action returns the correct model--
--Output from Test that the edit action returns the correct model--
--Output from Test the update action performs an update on a valid domain instance--
--Output from Test that the delete action deletes an instance if it exists--
]]></system-out>
  <system-err><![CDATA[--Output from Test the index action returns the correct model--
--Output from Test the create action returns the correct model--
--Output from Test the save action correctly persists an instance--
--Output from Test that the show action returns the correct model--
--Output from Test that the edit action returns the correct model--
--Output from Test the update action performs an update on a valid domain instance--
--Output from Test that the delete action deletes an instance if it exists--
]]></system-err>
</testsuite>
