<?xml version="1.0" encoding="UTF-8" ?>
<testsuite errors="0" failures="3" hostname="lenovo-PC" name="crmcuc.ValorParametroControllerSpec" tests="7" time="0.442" timestamp="2014-11-12T21:26:09">
  <properties />
  <testcase classname="crmcuc.ValorParametroControllerSpec" name="Test the index action returns the correct model" time="0.27" />
  <testcase classname="crmcuc.ValorParametroControllerSpec" name="Test the create action returns the correct model" time="0.041" />
  <testcase classname="crmcuc.ValorParametroControllerSpec" name="Test the save action correctly persists an instance" time="0.039">
    <failure message="Condition not satisfied:&#xa;&#xa;model.valorParametroInstance!= null&#xa;|     |                     |&#xa;[:]   null                  false&#xa;" type="junit.framework.AssertionFailedError">junit.framework.AssertionFailedError: Condition not satisfied:

model.valorParametroInstance!= null
|     |                     |
[:]   null                  false

	at crmcuc.ValorParametroControllerSpec.Test the save action correctly persists an instance(ValorParametroControllerSpec.groovy:44)
</failure>
  </testcase>
  <testcase classname="crmcuc.ValorParametroControllerSpec" name="Test that the show action returns the correct model" time="0.021" />
  <testcase classname="crmcuc.ValorParametroControllerSpec" name="Test that the edit action returns the correct model" time="0.03" />
  <testcase classname="crmcuc.ValorParametroControllerSpec" name="Test the update action performs an update on a valid domain instance" time="0.01">
    <failure message="Condition not satisfied:&#xa;&#xa;response.redirectedUrl == &apos;/valorParametro/index&apos;&#xa;|        |             |&#xa;|        null          false&#xa;org.codehaus.groovy.grails.plugins.testing.GrailsMockHttpServletResponse@4928574a&#xa;" type="junit.framework.AssertionFailedError">junit.framework.AssertionFailedError: Condition not satisfied:

response.redirectedUrl == &apos;/valorParametro/index&apos;
|        |             |
|        null          false
org.codehaus.groovy.grails.plugins.testing.GrailsMockHttpServletResponse@4928574a

	at crmcuc.ValorParametroControllerSpec.Test the update action performs an update on a valid domain instance(ValorParametroControllerSpec.groovy:97)
</failure>
  </testcase>
  <testcase classname="crmcuc.ValorParametroControllerSpec" name="Test that the delete action deletes an instance if it exists" time="0.02">
    <failure message="Condition not satisfied:&#xa;&#xa;response.redirectedUrl == &apos;/valorParametro/index&apos;&#xa;|        |             |&#xa;|        null          false&#xa;org.codehaus.groovy.grails.plugins.testing.GrailsMockHttpServletResponse@40b22224&#xa;" type="junit.framework.AssertionFailedError">junit.framework.AssertionFailedError: Condition not satisfied:

response.redirectedUrl == &apos;/valorParametro/index&apos;
|        |             |
|        null          false
org.codehaus.groovy.grails.plugins.testing.GrailsMockHttpServletResponse@40b22224

	at crmcuc.ValorParametroControllerSpec.Test that the delete action deletes an instance if it exists(ValorParametroControllerSpec.groovy:127)
</failure>
  </testcase>
  <system-out><![CDATA[--Output from Test the index action returns the correct model--
--Output from Test the create action returns the correct model--
--Output from Test the save action correctly persists an instance--
--Output from Test that the show action returns the correct model--
--Output from Test that the edit action returns the correct model--
--Output from Test the update action performs an update on a valid domain instance--
--Output from Test that the delete action deletes an instance if it exists--
]]></system-out>
  <system-err><![CDATA[--Output from Test the index action returns the correct model--
--Output from Test the create action returns the correct model--
--Output from Test the save action correctly persists an instance--
--Output from Test that the show action returns the correct model--
--Output from Test that the edit action returns the correct model--
--Output from Test the update action performs an update on a valid domain instance--
--Output from Test that the delete action deletes an instance if it exists--
]]></system-err>
</testsuite>
