<?xml version="1.0" encoding="UTF-8" ?>
<testsuite errors="1" failures="3" hostname="JhonHarol" name="crmcuc.ValorParametroControllerSpec" tests="7" time="0.713" timestamp="2014-11-17T07:46:26">
  <properties />
  <testcase classname="crmcuc.ValorParametroControllerSpec" name="Test the index action returns the correct model" time="0.42">
    <error message="String-based queries like [executeQuery] are currently not supported in this implementation of GORM. Use criteria instead." type="java.lang.UnsupportedOperationException">java.lang.UnsupportedOperationException: String-based queries like [executeQuery] are currently not supported in this implementation of GORM. Use criteria instead.
	at org.grails.datastore.gorm.GormStaticApi.unsupported(GormStaticApi.groovy:948)
	at org.grails.datastore.gorm.GormStaticApi.executeQuery(GormStaticApi.groovy:868)
	at crmcuc.ValorParametroController.$tt__index(ValorParametroController.groovy:17)
	at crmcuc.ValorParametroControllerSpec.Test the index action returns the correct model(ValorParametroControllerSpec.groovy:21)
</error>
  </testcase>
  <testcase classname="crmcuc.ValorParametroControllerSpec" name="Test the create action returns the correct model" time="0.076" />
  <testcase classname="crmcuc.ValorParametroControllerSpec" name="Test the save action correctly persists an instance" time="0.032">
    <failure message="Condition not satisfied:&#xa;&#xa;model.valorParametroInstance!= null&#xa;|     |                     |&#xa;[:]   null                  false&#xa;" type="junit.framework.AssertionFailedError">junit.framework.AssertionFailedError: Condition not satisfied:

model.valorParametroInstance!= null
|     |                     |
[:]   null                  false

	at crmcuc.ValorParametroControllerSpec.Test the save action correctly persists an instance(ValorParametroControllerSpec.groovy:44)
</failure>
  </testcase>
  <testcase classname="crmcuc.ValorParametroControllerSpec" name="Test that the show action returns the correct model" time="0.066" />
  <testcase classname="crmcuc.ValorParametroControllerSpec" name="Test that the edit action returns the correct model" time="0.045" />
  <testcase classname="crmcuc.ValorParametroControllerSpec" name="Test the update action performs an update on a valid domain instance" time="0.031">
    <failure message="Condition not satisfied:&#xa;&#xa;response.redirectedUrl == &apos;/valorParametro/index&apos;&#xa;|        |             |&#xa;|        null          false&#xa;org.codehaus.groovy.grails.plugins.testing.GrailsMockHttpServletResponse@5caf7423&#xa;" type="junit.framework.AssertionFailedError">junit.framework.AssertionFailedError: Condition not satisfied:

response.redirectedUrl == &apos;/valorParametro/index&apos;
|        |             |
|        null          false
org.codehaus.groovy.grails.plugins.testing.GrailsMockHttpServletResponse@5caf7423

	at crmcuc.ValorParametroControllerSpec.Test the update action performs an update on a valid domain instance(ValorParametroControllerSpec.groovy:97)
</failure>
  </testcase>
  <testcase classname="crmcuc.ValorParametroControllerSpec" name="Test that the delete action deletes an instance if it exists" time="0.029">
    <failure message="Condition not satisfied:&#xa;&#xa;response.redirectedUrl == &apos;/valorParametro/index&apos;&#xa;|        |             |&#xa;|        null          false&#xa;org.codehaus.groovy.grails.plugins.testing.GrailsMockHttpServletResponse@5c923129&#xa;" type="junit.framework.AssertionFailedError">junit.framework.AssertionFailedError: Condition not satisfied:

response.redirectedUrl == &apos;/valorParametro/index&apos;
|        |             |
|        null          false
org.codehaus.groovy.grails.plugins.testing.GrailsMockHttpServletResponse@5c923129

	at crmcuc.ValorParametroControllerSpec.Test that the delete action deletes an instance if it exists(ValorParametroControllerSpec.groovy:127)
</failure>
  </testcase>
  <system-out><![CDATA[--Output from Test the index action returns the correct model--
--Output from Test the create action returns the correct model--
--Output from Test the save action correctly persists an instance--
--Output from Test that the show action returns the correct model--
--Output from Test that the edit action returns the correct model--
--Output from Test the update action performs an update on a valid domain instance--
--Output from Test that the delete action deletes an instance if it exists--
]]></system-out>
  <system-err><![CDATA[--Output from Test the index action returns the correct model--
--Output from Test the create action returns the correct model--
--Output from Test the save action correctly persists an instance--
--Output from Test that the show action returns the correct model--
--Output from Test that the edit action returns the correct model--
--Output from Test the update action performs an update on a valid domain instance--
--Output from Test that the delete action deletes an instance if it exists--
]]></system-err>
</testsuite>
