<?xml version="1.0" encoding="UTF-8" ?>
<testsuite errors="1" failures="0" hostname="lenovo-PC" name="crmcuc.SeguridadServiceSpec" tests="1" time="0.08" timestamp="2014-11-12T21:26:08">
  <properties />
  <testcase classname="crmcuc.SeguridadServiceSpec" name="test autorizacion" time="0.08">
    <error message="Cannot invoke method autorizacion() on null object" type="java.lang.NullPointerException">java.lang.NullPointerException: Cannot invoke method autorizacion() on null object
	at crmcuc.SeguridadServiceSpec.test autorizacion(SeguridadServiceSpec.groovy:19)
</error>
  </testcase>
  <system-out><![CDATA[--Output from test autorizacion--
]]></system-out>
  <system-err><![CDATA[--Output from test autorizacion--
]]></system-err>
</testsuite>
