<?xml version="1.0" encoding="UTF-8" ?>
<testsuite errors="0" failures="3" hostname="lenovo-PC" name="crmcuc.PersonaControllerSpec" tests="7" time="0.421" timestamp="2014-11-12T21:26:07">
  <properties />
  <testcase classname="crmcuc.PersonaControllerSpec" name="Test the index action returns the correct model" time="0.18" />
  <testcase classname="crmcuc.PersonaControllerSpec" name="Test the create action returns the correct model" time="0.03" />
  <testcase classname="crmcuc.PersonaControllerSpec" name="Test the save action correctly persists an instance" time="0.04">
    <failure message="Condition not satisfied:&#xa;&#xa;model.personaInstance!= null&#xa;|     |              |&#xa;[:]   null           false&#xa;" type="junit.framework.AssertionFailedError">junit.framework.AssertionFailedError: Condition not satisfied:

model.personaInstance!= null
|     |              |
[:]   null           false

	at crmcuc.PersonaControllerSpec.Test the save action correctly persists an instance(PersonaControllerSpec.groovy:44)
</failure>
  </testcase>
  <testcase classname="crmcuc.PersonaControllerSpec" name="Test that the show action returns the correct model" time="0.03" />
  <testcase classname="crmcuc.PersonaControllerSpec" name="Test that the edit action returns the correct model" time="0.03" />
  <testcase classname="crmcuc.PersonaControllerSpec" name="Test the update action performs an update on a valid domain instance" time="0.03">
    <failure message="Condition not satisfied:&#xa;&#xa;response.redirectedUrl == &apos;/persona/index&apos;&#xa;|        |             |&#xa;|        null          false&#xa;org.codehaus.groovy.grails.plugins.testing.GrailsMockHttpServletResponse@3c95629b&#xa;" type="junit.framework.AssertionFailedError">junit.framework.AssertionFailedError: Condition not satisfied:

response.redirectedUrl == &apos;/persona/index&apos;
|        |             |
|        null          false
org.codehaus.groovy.grails.plugins.testing.GrailsMockHttpServletResponse@3c95629b

	at crmcuc.PersonaControllerSpec.Test the update action performs an update on a valid domain instance(PersonaControllerSpec.groovy:97)
</failure>
  </testcase>
  <testcase classname="crmcuc.PersonaControllerSpec" name="Test that the delete action deletes an instance if it exists" time="0.043">
    <failure message="Condition not satisfied:&#xa;&#xa;response.redirectedUrl == &apos;/persona/index&apos;&#xa;|        |             |&#xa;|        null          false&#xa;org.codehaus.groovy.grails.plugins.testing.GrailsMockHttpServletResponse@7941e594&#xa;" type="junit.framework.AssertionFailedError">junit.framework.AssertionFailedError: Condition not satisfied:

response.redirectedUrl == &apos;/persona/index&apos;
|        |             |
|        null          false
org.codehaus.groovy.grails.plugins.testing.GrailsMockHttpServletResponse@7941e594

	at crmcuc.PersonaControllerSpec.Test that the delete action deletes an instance if it exists(PersonaControllerSpec.groovy:127)
</failure>
  </testcase>
  <system-out><![CDATA[--Output from Test the index action returns the correct model--
--Output from Test the create action returns the correct model--
--Output from Test the save action correctly persists an instance--
--Output from Test that the show action returns the correct model--
--Output from Test that the edit action returns the correct model--
--Output from Test the update action performs an update on a valid domain instance--
--Output from Test that the delete action deletes an instance if it exists--
]]></system-out>
  <system-err><![CDATA[--Output from Test the index action returns the correct model--
--Output from Test the create action returns the correct model--
--Output from Test the save action correctly persists an instance--
--Output from Test that the show action returns the correct model--
--Output from Test that the edit action returns the correct model--
--Output from Test the update action performs an update on a valid domain instance--
--Output from Test that the delete action deletes an instance if it exists--
]]></system-err>
</testsuite>
