<?xml version="1.0" encoding="UTF-8" ?>
<testsuite errors="2" failures="1" hostname="lenovo-PC" name="crmcuc.RolControllerSpec" tests="7" time="0.474" timestamp="2014-11-12T21:26:08">
  <properties />
  <testcase classname="crmcuc.RolControllerSpec" name="Test the index action returns the correct model" time="0.227" />
  <testcase classname="crmcuc.RolControllerSpec" name="Test the create action returns the correct model" time="0.021" />
  <testcase classname="crmcuc.RolControllerSpec" name="Test the save action correctly persists an instance" time="0.076">
    <error message="Cannot redirect for object [null] it is not a domain or has no identifier. Use an explicit redirect instead " type="org.codehaus.groovy.grails.web.servlet.mvc.exceptions.CannotRedirectException">org.codehaus.groovy.grails.web.servlet.mvc.exceptions.CannotRedirectException: Cannot redirect for object [null] it is not a domain or has no identifier. Use an explicit redirect instead 
	at crmcuc.RolController.tt__save_closure9_closure14(RolController.groovy:43)
	at crmcuc.RolController.$tt__save(RolController.groovy:40)
	at crmcuc.RolControllerSpec.Test the save action correctly persists an instance(RolControllerSpec.groovy:54)
</error>
  </testcase>
  <testcase classname="crmcuc.RolControllerSpec" name="Test that the show action returns the correct model" time="0.03" />
  <testcase classname="crmcuc.RolControllerSpec" name="Test that the edit action returns the correct model" time="0.02" />
  <testcase classname="crmcuc.RolControllerSpec" name="Test the update action performs an update on a valid domain instance" time="0.05">
    <error message="Cannot get property &apos;id&apos; on null object" type="java.lang.NullPointerException">java.lang.NullPointerException: Cannot get property &apos;id&apos; on null object
	at crmcuc.RolControllerSpec.Test the update action performs an update on a valid domain instance(RolControllerSpec.groovy:122)
</error>
  </testcase>
  <testcase classname="crmcuc.RolControllerSpec" name="Test that the delete action deletes an instance if it exists" time="0.03">
    <failure message="Condition not satisfied:&#xa;&#xa;Rol.count() == 1&#xa;    |       |&#xa;    0       false&#xa;" type="junit.framework.AssertionFailedError">junit.framework.AssertionFailedError: Condition not satisfied:

Rol.count() == 1
    |       |
    0       false

	at crmcuc.RolControllerSpec.Test that the delete action deletes an instance if it exists(RolControllerSpec.groovy:142)
</failure>
  </testcase>
  <system-out><![CDATA[--Output from Test the index action returns the correct model--
--Output from Test the create action returns the correct model--
--Output from Test the save action correctly persists an instance--
--Output from Test that the show action returns the correct model--
--Output from Test that the edit action returns the correct model--
--Output from Test the update action performs an update on a valid domain instance--
--Output from Test that the delete action deletes an instance if it exists--
]]></system-out>
  <system-err><![CDATA[--Output from Test the index action returns the correct model--
--Output from Test the create action returns the correct model--
--Output from Test the save action correctly persists an instance--
--Output from Test that the show action returns the correct model--
--Output from Test that the edit action returns the correct model--
--Output from Test the update action performs an update on a valid domain instance--
--Output from Test that the delete action deletes an instance if it exists--
]]></system-err>
</testsuite>
