<?xml version="1.0" encoding="UTF-8" ?>
<testsuite errors="2" failures="1" hostname="JhonHarol" name="crmcuc.UsuarioControllerSpec" tests="7" time="1.097" timestamp="2014-11-17T07:46:24">
  <properties />
  <testcase classname="crmcuc.UsuarioControllerSpec" name="Test the index action returns the correct model" time="0.405" />
  <testcase classname="crmcuc.UsuarioControllerSpec" name="Test the create action returns the correct model" time="0.06" />
  <testcase classname="crmcuc.UsuarioControllerSpec" name="Test the save action correctly persists an instance" time="0.215">
    <error message="Cannot redirect for object [null] it is not a domain or has no identifier. Use an explicit redirect instead " type="org.codehaus.groovy.grails.web.servlet.mvc.exceptions.CannotRedirectException">org.codehaus.groovy.grails.web.servlet.mvc.exceptions.CannotRedirectException: Cannot redirect for object [null] it is not a domain or has no identifier. Use an explicit redirect instead 
	at crmcuc.UsuarioController.tt__save_closure9_closure14(UsuarioController.groovy:43)
	at crmcuc.UsuarioController.$tt__save(UsuarioController.groovy:40)
	at crmcuc.UsuarioControllerSpec.Test the save action correctly persists an instance(UsuarioControllerSpec.groovy:54)
</error>
  </testcase>
  <testcase classname="crmcuc.UsuarioControllerSpec" name="Test that the show action returns the correct model" time="0.063" />
  <testcase classname="crmcuc.UsuarioControllerSpec" name="Test that the edit action returns the correct model" time="0.092" />
  <testcase classname="crmcuc.UsuarioControllerSpec" name="Test the update action performs an update on a valid domain instance" time="0.166">
    <error message="Cannot get property &apos;id&apos; on null object" type="java.lang.NullPointerException">java.lang.NullPointerException: Cannot get property &apos;id&apos; on null object
	at crmcuc.UsuarioControllerSpec.Test the update action performs an update on a valid domain instance(UsuarioControllerSpec.groovy:122)
</error>
  </testcase>
  <testcase classname="crmcuc.UsuarioControllerSpec" name="Test that the delete action deletes an instance if it exists" time="0.06">
    <failure message="Condition not satisfied:&#xa;&#xa;Usuario.count() == 1&#xa;        |       |&#xa;        0       false&#xa;" type="junit.framework.AssertionFailedError">junit.framework.AssertionFailedError: Condition not satisfied:

Usuario.count() == 1
        |       |
        0       false

	at crmcuc.UsuarioControllerSpec.Test that the delete action deletes an instance if it exists(UsuarioControllerSpec.groovy:142)
</failure>
  </testcase>
  <system-out><![CDATA[--Output from Test the index action returns the correct model--
--Output from Test the create action returns the correct model--
--Output from Test the save action correctly persists an instance--
--Output from Test that the show action returns the correct model--
--Output from Test that the edit action returns the correct model--
--Output from Test the update action performs an update on a valid domain instance--
--Output from Test that the delete action deletes an instance if it exists--
]]></system-out>
  <system-err><![CDATA[--Output from Test the index action returns the correct model--
--Output from Test the create action returns the correct model--
--Output from Test the save action correctly persists an instance--
--Output from Test that the show action returns the correct model--
--Output from Test that the edit action returns the correct model--
--Output from Test the update action performs an update on a valid domain instance--
--Output from Test that the delete action deletes an instance if it exists--
]]></system-err>
</testsuite>
