<?xml version="1.0" encoding="UTF-8" ?>
<testsuite errors="0" failures="3" hostname="JhonHarol" name="crmcuc.ContactoControllerSpec" tests="7" time="1.101" timestamp="2014-11-17T07:46:15">
  <properties />
  <testcase classname="crmcuc.ContactoControllerSpec" name="Test the index action returns the correct model" time="0.717" />
  <testcase classname="crmcuc.ContactoControllerSpec" name="Test the create action returns the correct model" time="0.073" />
  <testcase classname="crmcuc.ContactoControllerSpec" name="Test the save action correctly persists an instance" time="0.053">
    <failure message="Condition not satisfied:&#xa;&#xa;model.contactoInstance!= null&#xa;|     |               |&#xa;[:]   null            false&#xa;" type="junit.framework.AssertionFailedError">junit.framework.AssertionFailedError: Condition not satisfied:

model.contactoInstance!= null
|     |               |
[:]   null            false

	at crmcuc.ContactoControllerSpec.Test the save action correctly persists an instance(ContactoControllerSpec.groovy:44)
</failure>
  </testcase>
  <testcase classname="crmcuc.ContactoControllerSpec" name="Test that the show action returns the correct model" time="0.06" />
  <testcase classname="crmcuc.ContactoControllerSpec" name="Test that the edit action returns the correct model" time="0.069" />
  <testcase classname="crmcuc.ContactoControllerSpec" name="Test the update action performs an update on a valid domain instance" time="0.05">
    <failure message="Condition not satisfied:&#xa;&#xa;response.redirectedUrl == &apos;/contacto/index&apos;&#xa;|        |             |&#xa;|        null          false&#xa;org.codehaus.groovy.grails.plugins.testing.GrailsMockHttpServletResponse@5935221a&#xa;" type="junit.framework.AssertionFailedError">junit.framework.AssertionFailedError: Condition not satisfied:

response.redirectedUrl == &apos;/contacto/index&apos;
|        |             |
|        null          false
org.codehaus.groovy.grails.plugins.testing.GrailsMockHttpServletResponse@5935221a

	at crmcuc.ContactoControllerSpec.Test the update action performs an update on a valid domain instance(ContactoControllerSpec.groovy:97)
</failure>
  </testcase>
  <testcase classname="crmcuc.ContactoControllerSpec" name="Test that the delete action deletes an instance if it exists" time="0.054">
    <failure message="Condition not satisfied:&#xa;&#xa;response.redirectedUrl == &apos;/contacto/index&apos;&#xa;|        |             |&#xa;|        null          false&#xa;org.codehaus.groovy.grails.plugins.testing.GrailsMockHttpServletResponse@54158d39&#xa;" type="junit.framework.AssertionFailedError">junit.framework.AssertionFailedError: Condition not satisfied:

response.redirectedUrl == &apos;/contacto/index&apos;
|        |             |
|        null          false
org.codehaus.groovy.grails.plugins.testing.GrailsMockHttpServletResponse@54158d39

	at crmcuc.ContactoControllerSpec.Test that the delete action deletes an instance if it exists(ContactoControllerSpec.groovy:127)
</failure>
  </testcase>
  <system-out><![CDATA[--Output from Test the index action returns the correct model--
--Output from Test the create action returns the correct model--
--Output from Test the save action correctly persists an instance--
--Output from Test that the show action returns the correct model--
--Output from Test that the edit action returns the correct model--
--Output from Test the update action performs an update on a valid domain instance--
--Output from Test that the delete action deletes an instance if it exists--
]]></system-out>
  <system-err><![CDATA[--Output from Test the index action returns the correct model--
--Output from Test the create action returns the correct model--
--Output from Test the save action correctly persists an instance--
--Output from Test that the show action returns the correct model--
--Output from Test that the edit action returns the correct model--
--Output from Test the update action performs an update on a valid domain instance--
--Output from Test that the delete action deletes an instance if it exists--
]]></system-err>
</testsuite>
